
23-May-2024 10:20:40.252 WARNING [main] org.apache.tomcat.util.digester.SetPropertiesRule.begin Match [Server/Service/Connector] failed to set property [maxSpareThreads] to [100]
23-May-2024 10:20:40.334 INFO [main] org.apache.catalina.startup.VersionLoggerListener.log Server version name:   Apache Tomcat/9.0.89
23-May-2024 10:20:40.334 INFO [main] org.apache.catalina.startup.VersionLoggerListener.log Server built:          May 3 2024 20:22:11 UTC
23-May-2024 10:20:40.335 INFO [main] org.apache.catalina.startup.VersionLoggerListener.log Server version number: 9.0.89.0
23-May-2024 10:20:40.335 INFO [main] org.apache.catalina.startup.VersionLoggerListener.log OS Name:               Windows 10
23-May-2024 10:20:40.335 INFO [main] org.apache.catalina.startup.VersionLoggerListener.log OS Version:            10.0
23-May-2024 10:20:40.335 INFO [main] org.apache.catalina.startup.VersionLoggerListener.log Architecture:          amd64
23-May-2024 10:20:40.336 INFO [main] org.apache.catalina.startup.VersionLoggerListener.log Java Home:             C:\Program Files\Java\jdk-11.0.16.1
23-May-2024 10:20:40.336 INFO [main] org.apache.catalina.startup.VersionLoggerListener.log JVM Version:           11.0.16.1+1-LTS-1
23-May-2024 10:20:40.336 INFO [main] org.apache.catalina.startup.VersionLoggerListener.log JVM Vendor:            Oracle Corporation
23-May-2024 10:20:40.336 INFO [main] org.apache.catalina.startup.VersionLoggerListener.log CATALINA_BASE:         C:\Apache tomcat\apache-tomcat-9.0.89
23-May-2024 10:20:40.337 INFO [main] org.apache.catalina.startup.VersionLoggerListener.log CATALINA_HOME:         C:\Apache tomcat\apache-tomcat-9.0.89
23-May-2024 10:20:40.338 INFO [main] org.apache.catalina.startup.VersionLoggerListener.log Command line argument: --add-opens=java.base/java.lang=ALL-UNNAMED
23-May-2024 10:20:40.338 INFO [main] org.apache.catalina.startup.VersionLoggerListener.log Command line argument: --add-opens=java.base/java.io=ALL-UNNAMED
23-May-2024 10:20:40.338 INFO [main] org.apache.catalina.startup.VersionLoggerListener.log Command line argument: --add-opens=java.base/java.util=ALL-UNNAMED
23-May-2024 10:20:40.339 INFO [main] org.apache.catalina.startup.VersionLoggerListener.log Command line argument: --add-opens=java.base/java.util.concurrent=ALL-UNNAMED
23-May-2024 10:20:40.339 INFO [main] org.apache.catalina.startup.VersionLoggerListener.log Command line argument: --add-opens=java.rmi/sun.rmi.transport=ALL-UNNAMED
23-May-2024 10:20:40.340 INFO [main] org.apache.catalina.startup.VersionLoggerListener.log Command line argument: -Djava.util.logging.config.file=C:\Apache tomcat\apache-tomcat-9.0.89\conf\logging.properties
23-May-2024 10:20:40.340 INFO [main] org.apache.catalina.startup.VersionLoggerListener.log Command line argument: -Djava.util.logging.manager=org.apache.juli.ClassLoaderLogManager
23-May-2024 10:20:40.341 INFO [main] org.apache.catalina.startup.VersionLoggerListener.log Command line argument: -Xms512m
23-May-2024 10:20:40.341 INFO [main] org.apache.catalina.startup.VersionLoggerListener.log Command line argument: -Xmx1024m
23-May-2024 10:20:40.342 INFO [main] org.apache.catalina.startup.VersionLoggerListener.log Command line argument: -Dignore.endorsed.dirs=
23-May-2024 10:20:40.342 INFO [main] org.apache.catalina.startup.VersionLoggerListener.log Command line argument: -Dcatalina.base=C:\Apache tomcat\apache-tomcat-9.0.89
23-May-2024 10:20:40.343 INFO [main] org.apache.catalina.startup.VersionLoggerListener.log Command line argument: -Dcatalina.home=C:\Apache tomcat\apache-tomcat-9.0.89
23-May-2024 10:20:40.343 INFO [main] org.apache.catalina.startup.VersionLoggerListener.log Command line argument: -Djava.io.tmpdir=C:\Apache tomcat\apache-tomcat-9.0.89\temp
23-May-2024 10:20:40.354 INFO [main] org.apache.catalina.core.AprLifecycleListener.lifecycleEvent Loaded Apache Tomcat Native library [1.3.0] using APR version [1.7.4].
23-May-2024 10:20:40.356 INFO [main] org.apache.catalina.core.AprLifecycleListener.lifecycleEvent APR capabilities: IPv6 [true], sendfile [true], accept filters [false], random [true], UDS [true].
23-May-2024 10:20:40.357 INFO [main] org.apache.catalina.core.AprLifecycleListener.lifecycleEvent APR/OpenSSL configuration: useAprConnector [false], useOpenSSL [true]
23-May-2024 10:20:40.393 INFO [main] org.apache.catalina.core.AprLifecycleListener.initializeSSL OpenSSL successfully initialized [OpenSSL 3.0.13 30 Jan 2024]
23-May-2024 10:20:40.905 INFO [main] org.apache.coyote.AbstractProtocol.init Initializing ProtocolHandler ["http-nio-9999"]
23-May-2024 10:20:40.940 INFO [main] org.apache.catalina.startup.Catalina.load Server initialization in [965] milliseconds
23-May-2024 10:20:41.035 INFO [main] org.apache.catalina.core.StandardService.startInternal Starting service [Catalina]
23-May-2024 10:20:41.035 INFO [main] org.apache.catalina.core.StandardEngine.startInternal Starting Servlet engine: [Apache Tomcat/9.0.89]
23-May-2024 10:20:41.064 INFO [main] org.apache.catalina.startup.HostConfig.deployWAR Deploying web application archive [C:\Apache tomcat\apache-tomcat-9.0.89\webapps\apache_tomcat_example.war]
23-May-2024 10:20:43.548 INFO [main] org.apache.jasper.servlet.TldScanner.scanJars At least one JAR was scanned for TLDs yet contained no TLDs. Enable debug logging for this logger for a complete list of JARs that were scanned but no TLDs were found in them. Skipping unneeded JARs during scanning can improve startup time and JSP compilation time.
23-May-2024 10:20:48.054 WARNING [main] org.apache.catalina.util.SessionIdGeneratorBase.createSecureRandom Creation of SecureRandom instance for session ID generation using [SHA1PRNG] took [421] milliseconds.
23-May-2024 10:20:48.083 INFO [main] org.apache.catalina.startup.HostConfig.deployWAR Deployment of web application archive [C:\Apache tomcat\apache-tomcat-9.0.89\webapps\apache_tomcat_example.war] has finished in [7,018] ms
23-May-2024 10:20:48.087 INFO [main] org.apache.catalina.startup.HostConfig.deployWAR Deploying web application archive [C:\Apache tomcat\apache-tomcat-9.0.89\webapps\java.war]
23-May-2024 10:20:48.505 WARNING [main] org.apache.tomcat.util.descriptor.web.WebXml.setVersion Unknown version string [6.0]. Default version will be used.
23-May-2024 10:20:48.527 WARNING [main] org.apache.tomcat.util.descriptor.web.WebXml.setVersion Unknown version string [5.0]. Default version will be used.
23-May-2024 10:20:54.668 INFO [main] org.apache.jasper.servlet.TldScanner.scanJars At least one JAR was scanned for TLDs yet contained no TLDs. Enable debug logging for this logger for a complete list of JARs that were scanned but no TLDs were found in them. Skipping unneeded JARs during scanning can improve startup time and JSP compilation time.
23-May-2024 10:20:54.684 INFO [main] org.apache.catalina.startup.HostConfig.deployWAR Deployment of web application archive [C:\Apache tomcat\apache-tomcat-9.0.89\webapps\java.war] has finished in [6,596] ms
23-May-2024 10:20:54.687 INFO [main] org.apache.catalina.startup.HostConfig.deployWAR Deploying web application archive [C:\Apache tomcat\apache-tomcat-9.0.89\webapps\javaservlet##v1.war]
23-May-2024 10:20:54.741 INFO [main] org.apache.catalina.startup.HostConfig.deployWAR Deployment of web application archive [C:\Apache tomcat\apache-tomcat-9.0.89\webapps\javaservlet##v1.war] has finished in [54] ms
23-May-2024 10:20:54.743 INFO [main] org.apache.catalina.startup.HostConfig.deployDirectory Deploying web application directory [C:\Apache tomcat\apache-tomcat-9.0.89\webapps\docs]
23-May-2024 10:20:54.783 INFO [main] org.apache.catalina.startup.HostConfig.deployDirectory Deployment of web application directory [C:\Apache tomcat\apache-tomcat-9.0.89\webapps\docs] has finished in [41] ms
23-May-2024 10:20:54.784 INFO [main] org.apache.catalina.startup.HostConfig.deployDirectory Deploying web application directory [C:\Apache tomcat\apache-tomcat-9.0.89\webapps\examples]
23-May-2024 10:20:55.224 INFO [main] org.apache.catalina.startup.HostConfig.deployDirectory Deployment of web application directory [C:\Apache tomcat\apache-tomcat-9.0.89\webapps\examples] has finished in [440] ms
23-May-2024 10:20:55.224 INFO [main] org.apache.catalina.startup.HostConfig.deployDirectory Deploying web application directory [C:\Apache tomcat\apache-tomcat-9.0.89\webapps\host-manager]
23-May-2024 10:20:55.271 INFO [main] org.apache.catalina.startup.HostConfig.deployDirectory Deployment of web application directory [C:\Apache tomcat\apache-tomcat-9.0.89\webapps\host-manager] has finished in [47] ms
23-May-2024 10:20:55.272 INFO [main] org.apache.catalina.startup.HostConfig.deployDirectory Deploying web application directory [C:\Apache tomcat\apache-tomcat-9.0.89\webapps\manager]
23-May-2024 10:20:55.305 INFO [main] org.apache.catalina.startup.HostConfig.deployDirectory Deployment of web application directory [C:\Apache tomcat\apache-tomcat-9.0.89\webapps\manager] has finished in [33] ms
23-May-2024 10:20:55.306 INFO [main] org.apache.catalina.startup.HostConfig.deployDirectory Deploying web application directory [C:\Apache tomcat\apache-tomcat-9.0.89\webapps\ROOT]
23-May-2024 10:20:55.334 INFO [main] org.apache.catalina.startup.HostConfig.deployDirectory Deployment of web application directory [C:\Apache tomcat\apache-tomcat-9.0.89\webapps\ROOT] has finished in [29] ms
23-May-2024 10:20:55.340 INFO [main] org.apache.coyote.AbstractProtocol.start Starting ProtocolHandler ["http-nio-9999"]
23-May-2024 10:20:55.800 INFO [main] org.apache.catalina.startup.Catalina.start Server startup in [14859] milliseconds
23-May-2024 10:26:54.886 INFO [http-nio-9999-exec-5] org.apache.catalina.startup.HostConfig.undeploy Undeploying context [/javaservlet##v1]
23-May-2024 10:27:03.104 INFO [http-nio-9999-exec-8] org.apache.catalina.startup.HostConfig.undeploy Undeploying context [/apache_tomcat_example]
23-May-2024 10:27:09.205 INFO [http-nio-9999-exec-20] org.apache.catalina.util.LifecycleBase.stop The stop() method was called on component [StandardEngine[Catalina].StandardHost[localhost].StandardContext[/java]] after stop() had already been called. The second call will be ignored.
23-May-2024 10:27:09.353 INFO [http-nio-9999-exec-20] org.apache.catalina.startup.HostConfig.undeploy Undeploying context [/java]
23-May-2024 10:43:17.084 INFO [Catalina-utility-2] org.apache.catalina.startup.HostConfig.undeploy Undeploying context []
23-May-2024 10:43:17.094 INFO [Catalina-utility-2] org.apache.catalina.startup.HostConfig.undeploy Undeploying context [/examples]
23-May-2024 10:43:17.105 INFO [Catalina-utility-2] org.apache.catalina.startup.HostConfig.undeploy Undeploying context [/host-manager]
23-May-2024 10:43:17.111 INFO [Catalina-utility-2] org.apache.catalina.startup.HostConfig.undeploy Undeploying context [/manager]
23-May-2024 10:43:17.135 INFO [Catalina-utility-2] org.apache.catalina.startup.HostConfig.undeploy Undeploying context [/docs]
23-May-2024 10:43:17.141 INFO [Catalina-utility-2] org.apache.catalina.startup.HostConfig.deployDirectory Deploying web application directory [C:\Apache tomcat\apache-tomcat-9.0.89\webapps\docs]
23-May-2024 10:43:17.174 INFO [Catalina-utility-2] org.apache.catalina.startup.HostConfig.deployDirectory Deployment of web application directory [C:\Apache tomcat\apache-tomcat-9.0.89\webapps\docs] has finished in [33] ms
23-May-2024 10:43:17.175 INFO [Catalina-utility-2] org.apache.catalina.startup.HostConfig.deployDirectory Deploying web application directory [C:\Apache tomcat\apache-tomcat-9.0.89\webapps\examples]
23-May-2024 10:43:17.480 INFO [Catalina-utility-2] org.apache.catalina.startup.HostConfig.deployDirectory Deployment of web application directory [C:\Apache tomcat\apache-tomcat-9.0.89\webapps\examples] has finished in [304] ms
23-May-2024 10:43:17.480 INFO [Catalina-utility-2] org.apache.catalina.startup.HostConfig.deployDirectory Deploying web application directory [C:\Apache tomcat\apache-tomcat-9.0.89\webapps\host-manager]
23-May-2024 10:43:17.517 INFO [Catalina-utility-2] org.apache.catalina.startup.HostConfig.deployDirectory Deployment of web application directory [C:\Apache tomcat\apache-tomcat-9.0.89\webapps\host-manager] has finished in [37] ms
23-May-2024 10:43:17.518 INFO [Catalina-utility-2] org.apache.catalina.startup.HostConfig.deployDirectory Deploying web application directory [C:\Apache tomcat\apache-tomcat-9.0.89\webapps\manager]
23-May-2024 10:43:17.551 INFO [Catalina-utility-2] org.apache.catalina.startup.HostConfig.deployDirectory Deployment of web application directory [C:\Apache tomcat\apache-tomcat-9.0.89\webapps\manager] has finished in [33] ms
23-May-2024 10:43:17.551 INFO [Catalina-utility-2] org.apache.catalina.startup.HostConfig.deployDirectory Deploying web application directory [C:\Apache tomcat\apache-tomcat-9.0.89\webapps\ROOT]
23-May-2024 10:43:17.584 INFO [Catalina-utility-2] org.apache.catalina.startup.HostConfig.deployDirectory Deployment of web application directory [C:\Apache tomcat\apache-tomcat-9.0.89\webapps\ROOT] has finished in [32] ms
23-May-2024 10:43:57.644 INFO [Catalina-utility-1] org.apache.catalina.startup.HostConfig.reload Reloading context []
23-May-2024 10:43:57.645 INFO [Catalina-utility-1] org.apache.catalina.core.StandardContext.reload Reloading Context with name [] has started
23-May-2024 10:43:57.687 INFO [Catalina-utility-1] org.apache.catalina.core.StandardContext.reload Reloading Context with name [] is completed
23-May-2024 10:43:57.689 INFO [Catalina-utility-1] org.apache.catalina.startup.HostConfig.reload Reloading context [/examples]
23-May-2024 10:43:57.690 INFO [Catalina-utility-1] org.apache.catalina.core.StandardContext.reload Reloading Context with name [/examples] has started
23-May-2024 10:43:57.979 INFO [Catalina-utility-1] org.apache.catalina.core.StandardContext.reload Reloading Context with name [/examples] is completed
23-May-2024 10:43:57.982 INFO [Catalina-utility-1] org.apache.catalina.startup.HostConfig.reload Reloading context [/host-manager]
23-May-2024 10:43:57.982 INFO [Catalina-utility-1] org.apache.catalina.core.StandardContext.reload Reloading Context with name [/host-manager] has started
23-May-2024 10:43:58.025 INFO [Catalina-utility-1] org.apache.catalina.core.StandardContext.reload Reloading Context with name [/host-manager] is completed
23-May-2024 10:43:58.027 INFO [Catalina-utility-1] org.apache.catalina.startup.HostConfig.reload Reloading context [/manager]
23-May-2024 10:43:58.028 INFO [Catalina-utility-1] org.apache.catalina.core.StandardContext.reload Reloading Context with name [/manager] has started
23-May-2024 10:43:58.074 INFO [Catalina-utility-1] org.apache.catalina.core.StandardContext.reload Reloading Context with name [/manager] is completed
23-May-2024 10:43:58.075 INFO [Catalina-utility-1] org.apache.catalina.startup.HostConfig.reload Reloading context [/docs]
23-May-2024 10:43:58.075 INFO [Catalina-utility-1] org.apache.catalina.core.StandardContext.reload Reloading Context with name [/docs] has started
23-May-2024 10:43:58.113 INFO [Catalina-utility-1] org.apache.catalina.core.StandardContext.reload Reloading Context with name [/docs] is completed
23-May-2024 10:44:18.133 INFO [Catalina-utility-1] org.apache.catalina.startup.HostConfig.reload Reloading context []
23-May-2024 10:44:18.133 INFO [Catalina-utility-1] org.apache.catalina.core.StandardContext.reload Reloading Context with name [] has started
23-May-2024 10:44:18.162 INFO [Catalina-utility-1] org.apache.catalina.core.StandardContext.reload Reloading Context with name [] is completed
23-May-2024 10:44:18.163 INFO [Catalina-utility-1] org.apache.catalina.startup.HostConfig.reload Reloading context [/examples]
23-May-2024 10:44:18.165 INFO [Catalina-utility-1] org.apache.catalina.core.StandardContext.reload Reloading Context with name [/examples] has started
23-May-2024 10:44:18.362 INFO [Catalina-utility-1] org.apache.catalina.core.StandardContext.reload Reloading Context with name [/examples] is completed
23-May-2024 10:44:18.363 INFO [Catalina-utility-1] org.apache.catalina.startup.HostConfig.reload Reloading context [/host-manager]
23-May-2024 10:44:18.364 INFO [Catalina-utility-1] org.apache.catalina.core.StandardContext.reload Reloading Context with name [/host-manager] has started
23-May-2024 10:44:18.386 INFO [Catalina-utility-1] org.apache.catalina.core.StandardContext.reload Reloading Context with name [/host-manager] is completed
23-May-2024 10:44:18.387 INFO [Catalina-utility-1] org.apache.catalina.startup.HostConfig.reload Reloading context [/manager]
23-May-2024 10:44:18.387 INFO [Catalina-utility-1] org.apache.catalina.core.StandardContext.reload Reloading Context with name [/manager] has started
23-May-2024 10:44:18.409 INFO [Catalina-utility-1] org.apache.catalina.core.StandardContext.reload Reloading Context with name [/manager] is completed
23-May-2024 10:44:18.410 INFO [Catalina-utility-1] org.apache.catalina.startup.HostConfig.reload Reloading context [/docs]
23-May-2024 10:44:18.411 INFO [Catalina-utility-1] org.apache.catalina.core.StandardContext.reload Reloading Context with name [/docs] has started
23-May-2024 10:44:18.433 INFO [Catalina-utility-1] org.apache.catalina.core.StandardContext.reload Reloading Context with name [/docs] is completed
23-May-2024 10:44:28.445 INFO [Catalina-utility-1] org.apache.catalina.startup.HostConfig.reload Reloading context []
23-May-2024 10:44:28.445 INFO [Catalina-utility-1] org.apache.catalina.core.StandardContext.reload Reloading Context with name [] has started
23-May-2024 10:44:28.481 INFO [Catalina-utility-1] org.apache.catalina.core.StandardContext.reload Reloading Context with name [] is completed
23-May-2024 10:44:28.482 INFO [Catalina-utility-1] org.apache.catalina.startup.HostConfig.reload Reloading context [/examples]
23-May-2024 10:44:28.482 INFO [Catalina-utility-1] org.apache.catalina.core.StandardContext.reload Reloading Context with name [/examples] has started
23-May-2024 10:44:28.708 INFO [Catalina-utility-1] org.apache.catalina.core.StandardContext.reload Reloading Context with name [/examples] is completed
23-May-2024 10:44:28.709 INFO [Catalina-utility-1] org.apache.catalina.startup.HostConfig.reload Reloading context [/host-manager]
23-May-2024 10:44:28.709 INFO [Catalina-utility-1] org.apache.catalina.core.StandardContext.reload Reloading Context with name [/host-manager] has started
23-May-2024 10:44:28.739 INFO [Catalina-utility-1] org.apache.catalina.core.StandardContext.reload Reloading Context with name [/host-manager] is completed
23-May-2024 10:44:28.740 INFO [Catalina-utility-1] org.apache.catalina.startup.HostConfig.reload Reloading context [/manager]
23-May-2024 10:44:28.740 INFO [Catalina-utility-1] org.apache.catalina.core.StandardContext.reload Reloading Context with name [/manager] has started
23-May-2024 10:44:28.770 INFO [Catalina-utility-1] org.apache.catalina.core.StandardContext.reload Reloading Context with name [/manager] is completed
23-May-2024 10:44:28.771 INFO [Catalina-utility-1] org.apache.catalina.startup.HostConfig.reload Reloading context [/docs]
23-May-2024 10:44:28.771 INFO [Catalina-utility-1] org.apache.catalina.core.StandardContext.reload Reloading Context with name [/docs] has started
23-May-2024 10:44:28.795 INFO [Catalina-utility-1] org.apache.catalina.core.StandardContext.reload Reloading Context with name [/docs] is completed
23-May-2024 10:44:48.819 INFO [Catalina-utility-1] org.apache.catalina.startup.HostConfig.reload Reloading context []
23-May-2024 10:44:48.819 INFO [Catalina-utility-1] org.apache.catalina.core.StandardContext.reload Reloading Context with name [] has started
23-May-2024 10:44:48.842 INFO [Catalina-utility-1] org.apache.catalina.core.StandardContext.reload Reloading Context with name [] is completed
23-May-2024 10:44:48.843 INFO [Catalina-utility-1] org.apache.catalina.startup.HostConfig.reload Reloading context [/examples]
23-May-2024 10:44:48.843 INFO [Catalina-utility-1] org.apache.catalina.core.StandardContext.reload Reloading Context with name [/examples] has started
23-May-2024 10:44:49.027 INFO [Catalina-utility-1] org.apache.catalina.core.StandardContext.reload Reloading Context with name [/examples] is completed
23-May-2024 10:44:49.028 INFO [Catalina-utility-1] org.apache.catalina.startup.HostConfig.reload Reloading context [/host-manager]
23-May-2024 10:44:49.029 INFO [Catalina-utility-1] org.apache.catalina.core.StandardContext.reload Reloading Context with name [/host-manager] has started
23-May-2024 10:44:49.052 INFO [Catalina-utility-1] org.apache.catalina.core.StandardContext.reload Reloading Context with name [/host-manager] is completed
23-May-2024 10:44:49.053 INFO [Catalina-utility-1] org.apache.catalina.startup.HostConfig.reload Reloading context [/manager]
23-May-2024 10:44:49.053 INFO [Catalina-utility-1] org.apache.catalina.core.StandardContext.reload Reloading Context with name [/manager] has started
23-May-2024 10:44:49.074 INFO [Catalina-utility-1] org.apache.catalina.core.StandardContext.reload Reloading Context with name [/manager] is completed
23-May-2024 10:44:49.075 INFO [Catalina-utility-1] org.apache.catalina.startup.HostConfig.reload Reloading context [/docs]
23-May-2024 10:44:49.075 INFO [Catalina-utility-1] org.apache.catalina.core.StandardContext.reload Reloading Context with name [/docs] has started
23-May-2024 10:44:49.095 INFO [Catalina-utility-1] org.apache.catalina.core.StandardContext.reload Reloading Context with name [/docs] is completed
23-May-2024 10:45:09.127 INFO [Catalina-utility-2] org.apache.catalina.startup.HostConfig.reload Reloading context []
23-May-2024 10:45:09.127 INFO [Catalina-utility-2] org.apache.catalina.core.StandardContext.reload Reloading Context with name [] has started
23-May-2024 10:45:09.156 INFO [Catalina-utility-2] org.apache.catalina.core.StandardContext.reload Reloading Context with name [] is completed
23-May-2024 10:45:09.157 INFO [Catalina-utility-2] org.apache.catalina.startup.HostConfig.reload Reloading context [/examples]
23-May-2024 10:45:09.157 INFO [Catalina-utility-2] org.apache.catalina.core.StandardContext.reload Reloading Context with name [/examples] has started
23-May-2024 10:45:09.415 INFO [Catalina-utility-2] org.apache.catalina.core.StandardContext.reload Reloading Context with name [/examples] is completed
23-May-2024 10:45:09.416 INFO [Catalina-utility-2] org.apache.catalina.startup.HostConfig.reload Reloading context [/host-manager]
23-May-2024 10:45:09.417 INFO [Catalina-utility-2] org.apache.catalina.core.StandardContext.reload Reloading Context with name [/host-manager] has started
23-May-2024 10:45:09.442 INFO [Catalina-utility-2] org.apache.catalina.core.StandardContext.reload Reloading Context with name [/host-manager] is completed
23-May-2024 10:45:09.443 INFO [Catalina-utility-2] org.apache.catalina.startup.HostConfig.reload Reloading context [/manager]
23-May-2024 10:45:09.443 INFO [Catalina-utility-2] org.apache.catalina.core.StandardContext.reload Reloading Context with name [/manager] has started
23-May-2024 10:45:09.468 INFO [Catalina-utility-2] org.apache.catalina.core.StandardContext.reload Reloading Context with name [/manager] is completed
23-May-2024 10:45:09.469 INFO [Catalina-utility-2] org.apache.catalina.startup.HostConfig.reload Reloading context [/docs]
23-May-2024 10:45:09.470 INFO [Catalina-utility-2] org.apache.catalina.core.StandardContext.reload Reloading Context with name [/docs] has started
23-May-2024 10:45:09.492 INFO [Catalina-utility-2] org.apache.catalina.core.StandardContext.reload Reloading Context with name [/docs] is completed
23-May-2024 10:45:19.500 INFO [Catalina-utility-1] org.apache.catalina.startup.HostConfig.reload Reloading context []
23-May-2024 10:45:19.500 INFO [Catalina-utility-1] org.apache.catalina.core.StandardContext.reload Reloading Context with name [] has started
23-May-2024 10:45:19.525 INFO [Catalina-utility-1] org.apache.catalina.core.StandardContext.reload Reloading Context with name [] is completed
23-May-2024 10:45:19.526 INFO [Catalina-utility-1] org.apache.catalina.startup.HostConfig.reload Reloading context [/examples]
23-May-2024 10:45:19.526 INFO [Catalina-utility-1] org.apache.catalina.core.StandardContext.reload Reloading Context with name [/examples] has started
23-May-2024 10:45:19.727 INFO [Catalina-utility-1] org.apache.catalina.core.StandardContext.reload Reloading Context with name [/examples] is completed
23-May-2024 10:45:19.729 INFO [Catalina-utility-1] org.apache.catalina.startup.HostConfig.reload Reloading context [/host-manager]
23-May-2024 10:45:19.731 INFO [Catalina-utility-1] org.apache.catalina.core.StandardContext.reload Reloading Context with name [/host-manager] has started
23-May-2024 10:45:19.753 INFO [Catalina-utility-1] org.apache.catalina.core.StandardContext.reload Reloading Context with name [/host-manager] is completed
23-May-2024 10:45:19.753 INFO [Catalina-utility-1] org.apache.catalina.startup.HostConfig.reload Reloading context [/manager]
23-May-2024 10:45:19.754 INFO [Catalina-utility-1] org.apache.catalina.core.StandardContext.reload Reloading Context with name [/manager] has started
23-May-2024 10:45:19.782 INFO [Catalina-utility-1] org.apache.catalina.core.StandardContext.reload Reloading Context with name [/manager] is completed
23-May-2024 10:45:19.783 INFO [Catalina-utility-1] org.apache.catalina.startup.HostConfig.reload Reloading context [/docs]
23-May-2024 10:45:19.784 INFO [Catalina-utility-1] org.apache.catalina.core.StandardContext.reload Reloading Context with name [/docs] has started
23-May-2024 10:45:19.813 INFO [Catalina-utility-1] org.apache.catalina.core.StandardContext.reload Reloading Context with name [/docs] is completed
23-May-2024 10:46:19.883 INFO [Catalina-utility-2] org.apache.catalina.startup.HostConfig.reload Reloading context []
23-May-2024 10:46:19.883 INFO [Catalina-utility-2] org.apache.catalina.core.StandardContext.reload Reloading Context with name [] has started
23-May-2024 10:46:19.912 INFO [Catalina-utility-2] org.apache.catalina.core.StandardContext.reload Reloading Context with name [] is completed
23-May-2024 10:46:19.913 INFO [Catalina-utility-2] org.apache.catalina.startup.HostConfig.reload Reloading context [/examples]
23-May-2024 10:46:19.913 INFO [Catalina-utility-2] org.apache.catalina.core.StandardContext.reload Reloading Context with name [/examples] has started
23-May-2024 10:46:20.213 INFO [Catalina-utility-2] org.apache.catalina.core.StandardContext.reload Reloading Context with name [/examples] is completed
23-May-2024 10:46:20.215 INFO [Catalina-utility-2] org.apache.catalina.startup.HostConfig.reload Reloading context [/host-manager]
23-May-2024 10:46:20.215 INFO [Catalina-utility-2] org.apache.catalina.core.StandardContext.reload Reloading Context with name [/host-manager] has started
23-May-2024 10:46:20.243 INFO [Catalina-utility-2] org.apache.catalina.core.StandardContext.reload Reloading Context with name [/host-manager] is completed
23-May-2024 10:46:20.244 INFO [Catalina-utility-2] org.apache.catalina.startup.HostConfig.reload Reloading context [/manager]
23-May-2024 10:46:20.244 INFO [Catalina-utility-2] org.apache.catalina.core.StandardContext.reload Reloading Context with name [/manager] has started
23-May-2024 10:46:20.271 INFO [Catalina-utility-2] org.apache.catalina.core.StandardContext.reload Reloading Context with name [/manager] is completed
23-May-2024 10:46:20.272 INFO [Catalina-utility-2] org.apache.catalina.startup.HostConfig.reload Reloading context [/docs]
23-May-2024 10:46:20.273 INFO [Catalina-utility-2] org.apache.catalina.core.StandardContext.reload Reloading Context with name [/docs] has started
23-May-2024 10:46:20.295 INFO [Catalina-utility-2] org.apache.catalina.core.StandardContext.reload Reloading Context with name [/docs] is completed
23-May-2024 10:46:30.301 INFO [Catalina-utility-2] org.apache.catalina.startup.HostConfig.reload Reloading context []
23-May-2024 10:46:30.301 INFO [Catalina-utility-2] org.apache.catalina.core.StandardContext.reload Reloading Context with name [] has started
23-May-2024 10:46:30.327 INFO [Catalina-utility-2] org.apache.catalina.core.StandardContext.reload Reloading Context with name [] is completed
23-May-2024 10:46:30.328 INFO [Catalina-utility-2] org.apache.catalina.startup.HostConfig.reload Reloading context [/examples]
23-May-2024 10:46:30.328 INFO [Catalina-utility-2] org.apache.catalina.core.StandardContext.reload Reloading Context with name [/examples] has started
23-May-2024 10:46:30.499 INFO [Catalina-utility-2] org.apache.catalina.core.StandardContext.reload Reloading Context with name [/examples] is completed
23-May-2024 10:46:30.500 INFO [Catalina-utility-2] org.apache.catalina.startup.HostConfig.reload Reloading context [/host-manager]
23-May-2024 10:46:30.501 INFO [Catalina-utility-2] org.apache.catalina.core.StandardContext.reload Reloading Context with name [/host-manager] has started
23-May-2024 10:46:30.521 INFO [Catalina-utility-2] org.apache.catalina.core.StandardContext.reload Reloading Context with name [/host-manager] is completed
23-May-2024 10:46:30.522 INFO [Catalina-utility-2] org.apache.catalina.startup.HostConfig.reload Reloading context [/manager]
23-May-2024 10:46:30.523 INFO [Catalina-utility-2] org.apache.catalina.core.StandardContext.reload Reloading Context with name [/manager] has started
23-May-2024 10:46:30.542 INFO [Catalina-utility-2] org.apache.catalina.core.StandardContext.reload Reloading Context with name [/manager] is completed
23-May-2024 10:46:30.542 INFO [Catalina-utility-2] org.apache.catalina.startup.HostConfig.reload Reloading context [/docs]
23-May-2024 10:46:30.543 INFO [Catalina-utility-2] org.apache.catalina.core.StandardContext.reload Reloading Context with name [/docs] has started
23-May-2024 10:46:30.564 INFO [Catalina-utility-2] org.apache.catalina.core.StandardContext.reload Reloading Context with name [/docs] is completed
23-May-2024 10:46:50.587 INFO [Catalina-utility-2] org.apache.catalina.startup.HostConfig.reload Reloading context []
23-May-2024 10:46:50.587 INFO [Catalina-utility-2] org.apache.catalina.core.StandardContext.reload Reloading Context with name [] has started
23-May-2024 10:46:50.613 INFO [Catalina-utility-2] org.apache.catalina.core.StandardContext.reload Reloading Context with name [] is completed
23-May-2024 10:46:50.613 INFO [Catalina-utility-2] org.apache.catalina.startup.HostConfig.reload Reloading context [/examples]
23-May-2024 10:46:50.614 INFO [Catalina-utility-2] org.apache.catalina.core.StandardContext.reload Reloading Context with name [/examples] has started
23-May-2024 10:46:50.856 INFO [Catalina-utility-2] org.apache.catalina.core.StandardContext.reload Reloading Context with name [/examples] is completed
23-May-2024 10:46:50.857 INFO [Catalina-utility-2] org.apache.catalina.startup.HostConfig.reload Reloading context [/host-manager]
23-May-2024 10:46:50.858 INFO [Catalina-utility-2] org.apache.catalina.core.StandardContext.reload Reloading Context with name [/host-manager] has started
23-May-2024 10:46:50.882 INFO [Catalina-utility-2] org.apache.catalina.core.StandardContext.reload Reloading Context with name [/host-manager] is completed
23-May-2024 10:46:50.883 INFO [Catalina-utility-2] org.apache.catalina.startup.HostConfig.reload Reloading context [/manager]
23-May-2024 10:46:50.883 INFO [Catalina-utility-2] org.apache.catalina.core.StandardContext.reload Reloading Context with name [/manager] has started
23-May-2024 10:46:50.906 INFO [Catalina-utility-2] org.apache.catalina.core.StandardContext.reload Reloading Context with name [/manager] is completed
23-May-2024 10:46:50.906 INFO [Catalina-utility-2] org.apache.catalina.startup.HostConfig.reload Reloading context [/docs]
23-May-2024 10:46:50.907 INFO [Catalina-utility-2] org.apache.catalina.core.StandardContext.reload Reloading Context with name [/docs] has started
23-May-2024 10:46:50.932 INFO [Catalina-utility-2] org.apache.catalina.core.StandardContext.reload Reloading Context with name [/docs] is completed
23-May-2024 10:47:00.939 INFO [Catalina-utility-1] org.apache.catalina.startup.HostConfig.reload Reloading context []
23-May-2024 10:47:00.939 INFO [Catalina-utility-1] org.apache.catalina.core.StandardContext.reload Reloading Context with name [] has started
23-May-2024 10:47:00.965 INFO [Catalina-utility-1] org.apache.catalina.core.StandardContext.reload Reloading Context with name [] is completed
23-May-2024 10:47:00.966 INFO [Catalina-utility-1] org.apache.catalina.startup.HostConfig.reload Reloading context [/examples]
23-May-2024 10:47:00.966 INFO [Catalina-utility-1] org.apache.catalina.core.StandardContext.reload Reloading Context with name [/examples] has started
23-May-2024 10:47:01.162 INFO [Catalina-utility-1] org.apache.catalina.core.StandardContext.reload Reloading Context with name [/examples] is completed
23-May-2024 10:47:11.181 INFO [Catalina-utility-2] org.apache.catalina.startup.HostConfig.reload Reloading context []
23-May-2024 10:47:11.181 INFO [Catalina-utility-2] org.apache.catalina.core.StandardContext.reload Reloading Context with name [] has started
23-May-2024 10:47:11.203 INFO [Catalina-utility-2] org.apache.catalina.core.StandardContext.reload Reloading Context with name [] is completed
23-May-2024 10:47:11.204 INFO [Catalina-utility-2] org.apache.catalina.startup.HostConfig.reload Reloading context [/examples]
23-May-2024 10:47:11.204 INFO [Catalina-utility-2] org.apache.catalina.core.StandardContext.reload Reloading Context with name [/examples] has started
23-May-2024 10:47:11.412 INFO [Catalina-utility-2] org.apache.catalina.core.StandardContext.reload Reloading Context with name [/examples] is completed
23-May-2024 10:47:11.413 INFO [Catalina-utility-2] org.apache.catalina.startup.HostConfig.reload Reloading context [/host-manager]
23-May-2024 10:47:11.415 INFO [Catalina-utility-2] org.apache.catalina.core.StandardContext.reload Reloading Context with name [/host-manager] has started
23-May-2024 10:47:11.443 INFO [Catalina-utility-2] org.apache.catalina.core.StandardContext.reload Reloading Context with name [/host-manager] is completed
23-May-2024 10:47:11.444 INFO [Catalina-utility-2] org.apache.catalina.startup.HostConfig.reload Reloading context [/manager]
23-May-2024 10:47:11.445 INFO [Catalina-utility-2] org.apache.catalina.core.StandardContext.reload Reloading Context with name [/manager] has started
23-May-2024 10:47:11.474 INFO [Catalina-utility-2] org.apache.catalina.core.StandardContext.reload Reloading Context with name [/manager] is completed
23-May-2024 10:47:11.475 INFO [Catalina-utility-2] org.apache.catalina.startup.HostConfig.reload Reloading context [/docs]
23-May-2024 10:47:11.476 INFO [Catalina-utility-2] org.apache.catalina.core.StandardContext.reload Reloading Context with name [/docs] has started
23-May-2024 10:47:11.494 INFO [Catalina-utility-2] org.apache.catalina.core.StandardContext.reload Reloading Context with name [/docs] is completed
23-May-2024 10:56:52.412 INFO [main] org.apache.catalina.core.StandardServer.await A valid shutdown command was received via the shutdown port. Stopping the Server instance.
23-May-2024 10:56:52.413 INFO [main] org.apache.coyote.AbstractProtocol.pause Pausing ProtocolHandler ["http-nio-9999"]
23-May-2024 10:56:52.741 INFO [main] org.apache.catalina.core.StandardService.stopInternal Stopping service [Catalina]
23-May-2024 10:56:52.753 INFO [main] org.apache.coyote.AbstractProtocol.stop Stopping ProtocolHandler ["http-nio-9999"]
23-May-2024 10:56:52.782 INFO [main] org.apache.coyote.AbstractProtocol.destroy Destroying ProtocolHandler ["http-nio-9999"]
23-May-2024 10:56:55.567 WARNING [main] org.apache.tomcat.util.digester.SetPropertiesRule.begin Match [Server/Service/Connector] failed to set property [maxSpareThreads] to [100]
23-May-2024 10:56:55.614 INFO [main] org.apache.catalina.startup.VersionLoggerListener.log Server version name:   Apache Tomcat/9.0.89
23-May-2024 10:56:55.615 INFO [main] org.apache.catalina.startup.VersionLoggerListener.log Server built:          May 3 2024 20:22:11 UTC
23-May-2024 10:56:55.615 INFO [main] org.apache.catalina.startup.VersionLoggerListener.log Server version number: 9.0.89.0
23-May-2024 10:56:55.615 INFO [main] org.apache.catalina.startup.VersionLoggerListener.log OS Name:               Windows 10
23-May-2024 10:56:55.615 INFO [main] org.apache.catalina.startup.VersionLoggerListener.log OS Version:            10.0
23-May-2024 10:56:55.616 INFO [main] org.apache.catalina.startup.VersionLoggerListener.log Architecture:          amd64
23-May-2024 10:56:55.616 INFO [main] org.apache.catalina.startup.VersionLoggerListener.log Java Home:             C:\Program Files\Java\jdk-11.0.16.1
23-May-2024 10:56:55.616 INFO [main] org.apache.catalina.startup.VersionLoggerListener.log JVM Version:           11.0.16.1+1-LTS-1
23-May-2024 10:56:55.616 INFO [main] org.apache.catalina.startup.VersionLoggerListener.log JVM Vendor:            Oracle Corporation
23-May-2024 10:56:55.617 INFO [main] org.apache.catalina.startup.VersionLoggerListener.log CATALINA_BASE:         C:\Apache tomcat\apache-tomcat-9.0.89
23-May-2024 10:56:55.617 INFO [main] org.apache.catalina.startup.VersionLoggerListener.log CATALINA_HOME:         C:\Apache tomcat\apache-tomcat-9.0.89
23-May-2024 10:56:55.618 INFO [main] org.apache.catalina.startup.VersionLoggerListener.log Command line argument: --add-opens=java.base/java.lang=ALL-UNNAMED
23-May-2024 10:56:55.618 INFO [main] org.apache.catalina.startup.VersionLoggerListener.log Command line argument: --add-opens=java.base/java.io=ALL-UNNAMED
23-May-2024 10:56:55.619 INFO [main] org.apache.catalina.startup.VersionLoggerListener.log Command line argument: --add-opens=java.base/java.util=ALL-UNNAMED
23-May-2024 10:56:55.619 INFO [main] org.apache.catalina.startup.VersionLoggerListener.log Command line argument: --add-opens=java.base/java.util.concurrent=ALL-UNNAMED
23-May-2024 10:56:55.619 INFO [main] org.apache.catalina.startup.VersionLoggerListener.log Command line argument: --add-opens=java.rmi/sun.rmi.transport=ALL-UNNAMED
23-May-2024 10:56:55.620 INFO [main] org.apache.catalina.startup.VersionLoggerListener.log Command line argument: -Djava.util.logging.config.file=C:\Apache tomcat\apache-tomcat-9.0.89\conf\logging.properties
23-May-2024 10:56:55.620 INFO [main] org.apache.catalina.startup.VersionLoggerListener.log Command line argument: -Djava.util.logging.manager=org.apache.juli.ClassLoaderLogManager
23-May-2024 10:56:55.621 INFO [main] org.apache.catalina.startup.VersionLoggerListener.log Command line argument: -Xms512m
23-May-2024 10:56:55.621 INFO [main] org.apache.catalina.startup.VersionLoggerListener.log Command line argument: -Xmx1024m
23-May-2024 10:56:55.621 INFO [main] org.apache.catalina.startup.VersionLoggerListener.log Command line argument: -Dignore.endorsed.dirs=
23-May-2024 10:56:55.622 INFO [main] org.apache.catalina.startup.VersionLoggerListener.log Command line argument: -Dcatalina.base=C:\Apache tomcat\apache-tomcat-9.0.89
23-May-2024 10:56:55.622 INFO [main] org.apache.catalina.startup.VersionLoggerListener.log Command line argument: -Dcatalina.home=C:\Apache tomcat\apache-tomcat-9.0.89
23-May-2024 10:56:55.622 INFO [main] org.apache.catalina.startup.VersionLoggerListener.log Command line argument: -Djava.io.tmpdir=C:\Apache tomcat\apache-tomcat-9.0.89\temp
23-May-2024 10:56:55.626 INFO [main] org.apache.catalina.core.AprLifecycleListener.lifecycleEvent Loaded Apache Tomcat Native library [1.3.0] using APR version [1.7.4].
23-May-2024 10:56:55.626 INFO [main] org.apache.catalina.core.AprLifecycleListener.lifecycleEvent APR capabilities: IPv6 [true], sendfile [true], accept filters [false], random [true], UDS [true].
23-May-2024 10:56:55.627 INFO [main] org.apache.catalina.core.AprLifecycleListener.lifecycleEvent APR/OpenSSL configuration: useAprConnector [false], useOpenSSL [true]
23-May-2024 10:56:55.633 INFO [main] org.apache.catalina.core.AprLifecycleListener.initializeSSL OpenSSL successfully initialized [OpenSSL 3.0.13 30 Jan 2024]
23-May-2024 10:56:56.002 INFO [main] org.apache.coyote.AbstractProtocol.init Initializing ProtocolHandler ["http-nio-9999"]
23-May-2024 10:56:56.036 INFO [main] org.apache.catalina.startup.Catalina.load Server initialization in [651] milliseconds
23-May-2024 10:56:56.114 INFO [main] org.apache.catalina.core.StandardService.startInternal Starting service [Catalina]
23-May-2024 10:56:56.114 INFO [main] org.apache.catalina.core.StandardEngine.startInternal Starting Servlet engine: [Apache Tomcat/9.0.89]
23-May-2024 10:56:56.129 INFO [main] org.apache.catalina.startup.HostConfig.deployDirectory Deploying web application directory [C:\Apache tomcat\apache-tomcat-9.0.89\webapps\docs]
23-May-2024 10:56:56.814 WARNING [main] org.apache.catalina.util.SessionIdGeneratorBase.createSecureRandom Creation of SecureRandom instance for session ID generation using [SHA1PRNG] took [370] milliseconds.
23-May-2024 10:56:56.845 INFO [main] org.apache.catalina.startup.HostConfig.deployDirectory Deployment of web application directory [C:\Apache tomcat\apache-tomcat-9.0.89\webapps\docs] has finished in [717] ms
23-May-2024 10:56:56.846 INFO [main] org.apache.catalina.startup.HostConfig.deployDirectory Deploying web application directory [C:\Apache tomcat\apache-tomcat-9.0.89\webapps\examples]
23-May-2024 10:56:57.235 INFO [main] org.apache.catalina.startup.HostConfig.deployDirectory Deployment of web application directory [C:\Apache tomcat\apache-tomcat-9.0.89\webapps\examples] has finished in [390] ms
23-May-2024 10:56:57.236 INFO [main] org.apache.catalina.startup.HostConfig.deployDirectory Deploying web application directory [C:\Apache tomcat\apache-tomcat-9.0.89\webapps\host-manager]
23-May-2024 10:56:57.278 INFO [main] org.apache.catalina.startup.HostConfig.deployDirectory Deployment of web application directory [C:\Apache tomcat\apache-tomcat-9.0.89\webapps\host-manager] has finished in [42] ms
23-May-2024 10:56:57.278 INFO [main] org.apache.catalina.startup.HostConfig.deployDirectory Deploying web application directory [C:\Apache tomcat\apache-tomcat-9.0.89\webapps\manager]
23-May-2024 10:56:57.318 INFO [main] org.apache.catalina.startup.HostConfig.deployDirectory Deployment of web application directory [C:\Apache tomcat\apache-tomcat-9.0.89\webapps\manager] has finished in [40] ms
23-May-2024 10:56:57.319 INFO [main] org.apache.catalina.startup.HostConfig.deployDirectory Deploying web application directory [C:\Apache tomcat\apache-tomcat-9.0.89\webapps\ROOT]
23-May-2024 10:56:57.351 INFO [main] org.apache.catalina.startup.HostConfig.deployDirectory Deployment of web application directory [C:\Apache tomcat\apache-tomcat-9.0.89\webapps\ROOT] has finished in [31] ms
23-May-2024 10:56:57.360 INFO [main] org.apache.coyote.AbstractProtocol.start Starting ProtocolHandler ["http-nio-9999"]
23-May-2024 10:56:57.721 INFO [main] org.apache.catalina.startup.Catalina.start Server startup in [1685] milliseconds
23-May-2024 11:00:47.728 INFO [main] org.apache.catalina.core.StandardServer.await A valid shutdown command was received via the shutdown port. Stopping the Server instance.
23-May-2024 11:00:47.729 INFO [main] org.apache.coyote.AbstractProtocol.pause Pausing ProtocolHandler ["http-nio-9999"]
23-May-2024 11:00:48.099 INFO [main] org.apache.catalina.core.StandardService.stopInternal Stopping service [Catalina]
23-May-2024 11:00:48.123 INFO [main] org.apache.coyote.AbstractProtocol.stop Stopping ProtocolHandler ["http-nio-9999"]
23-May-2024 11:00:48.135 INFO [main] org.apache.coyote.AbstractProtocol.destroy Destroying ProtocolHandler ["http-nio-9999"]
