22-May-2024 13:31:37.549 INFO [main] org.apache.catalina.core.ApplicationContext.log ContextListener: contextInitialized()
22-May-2024 13:31:37.549 INFO [main] org.apache.catalina.core.ApplicationContext.log SessionListener: contextInitialized()
22-May-2024 13:31:37.551 INFO [main] org.apache.catalina.core.ApplicationContext.log ContextListener: attributeAdded('StockTicker', 'async.Stockticker@70f43b45')
22-May-2024 13:34:46.949 INFO [main] org.apache.catalina.core.ApplicationContext.log SessionListener: contextDestroyed()
22-May-2024 13:34:46.949 INFO [main] org.apache.catalina.core.ApplicationContext.log ContextListener: contextDestroyed()
22-May-2024 13:35:45.788 INFO [main] org.apache.catalina.core.ApplicationContext.log ContextListener: contextInitialized()
22-May-2024 13:35:45.788 INFO [main] org.apache.catalina.core.ApplicationContext.log SessionListener: contextInitialized()
22-May-2024 13:35:45.790 INFO [main] org.apache.catalina.core.ApplicationContext.log ContextListener: attributeAdded('StockTicker', 'async.Stockticker@6e9c413e')
22-May-2024 13:40:08.872 INFO [main] org.apache.catalina.core.ApplicationContext.log SessionListener: contextDestroyed()
22-May-2024 13:40:08.872 INFO [main] org.apache.catalina.core.ApplicationContext.log ContextListener: contextDestroyed()
22-May-2024 13:40:14.035 INFO [main] org.apache.catalina.core.ApplicationContext.log ContextListener: contextInitialized()
22-May-2024 13:40:14.035 INFO [main] org.apache.catalina.core.ApplicationContext.log SessionListener: contextInitialized()
22-May-2024 13:40:14.037 INFO [main] org.apache.catalina.core.ApplicationContext.log ContextListener: attributeAdded('StockTicker', 'async.Stockticker@6b739528')
22-May-2024 13:41:16.917 INFO [main] org.apache.catalina.core.ApplicationContext.log SessionListener: contextDestroyed()
22-May-2024 13:41:16.917 INFO [main] org.apache.catalina.core.ApplicationContext.log ContextListener: contextDestroyed()
22-May-2024 13:41:21.373 INFO [main] org.apache.catalina.core.ApplicationContext.log ContextListener: contextInitialized()
22-May-2024 13:41:21.373 INFO [main] org.apache.catalina.core.ApplicationContext.log SessionListener: contextInitialized()
22-May-2024 13:41:21.376 INFO [main] org.apache.catalina.core.ApplicationContext.log ContextListener: attributeAdded('StockTicker', 'async.Stockticker@7692cd34')
22-May-2024 13:46:44.608 INFO [main] org.apache.catalina.core.ApplicationContext.log SessionListener: contextDestroyed()
22-May-2024 13:46:44.608 INFO [main] org.apache.catalina.core.ApplicationContext.log ContextListener: contextDestroyed()
22-May-2024 13:46:49.773 INFO [main] org.apache.catalina.core.ApplicationContext.log ContextListener: contextInitialized()
22-May-2024 13:46:49.773 INFO [main] org.apache.catalina.core.ApplicationContext.log SessionListener: contextInitialized()
22-May-2024 13:46:49.776 INFO [main] org.apache.catalina.core.ApplicationContext.log ContextListener: attributeAdded('StockTicker', 'async.Stockticker@4b770e40')
22-May-2024 13:48:06.964 INFO [main] org.apache.catalina.core.ApplicationContext.log SessionListener: contextDestroyed()
22-May-2024 13:48:06.964 INFO [main] org.apache.catalina.core.ApplicationContext.log ContextListener: contextDestroyed()
22-May-2024 13:48:12.082 INFO [main] org.apache.catalina.core.ApplicationContext.log ContextListener: contextInitialized()
22-May-2024 13:48:12.082 INFO [main] org.apache.catalina.core.ApplicationContext.log SessionListener: contextInitialized()
22-May-2024 13:48:12.085 INFO [main] org.apache.catalina.core.ApplicationContext.log ContextListener: attributeAdded('StockTicker', 'async.Stockticker@4b770e40')
22-May-2024 13:54:29.410 INFO [main] org.apache.catalina.core.ApplicationContext.log SessionListener: contextDestroyed()
22-May-2024 13:54:29.410 INFO [main] org.apache.catalina.core.ApplicationContext.log ContextListener: contextDestroyed()
22-May-2024 13:54:34.580 INFO [main] org.apache.catalina.core.ApplicationContext.log ContextListener: contextInitialized()
22-May-2024 13:54:34.580 INFO [main] org.apache.catalina.core.ApplicationContext.log SessionListener: contextInitialized()
22-May-2024 13:54:34.583 INFO [main] org.apache.catalina.core.ApplicationContext.log ContextListener: attributeAdded('StockTicker', 'async.Stockticker@78e16155')
22-May-2024 14:01:33.262 INFO [main] org.apache.catalina.core.ApplicationContext.log SessionListener: contextDestroyed()
22-May-2024 14:01:33.263 INFO [main] org.apache.catalina.core.ApplicationContext.log ContextListener: contextDestroyed()
22-May-2024 14:01:38.002 INFO [main] org.apache.catalina.core.ApplicationContext.log ContextListener: contextInitialized()
22-May-2024 14:01:38.002 INFO [main] org.apache.catalina.core.ApplicationContext.log SessionListener: contextInitialized()
22-May-2024 14:01:38.006 INFO [main] org.apache.catalina.core.ApplicationContext.log ContextListener: attributeAdded('StockTicker', 'async.Stockticker@6a1ebcff')
22-May-2024 14:09:17.829 INFO [http-nio-9999-exec-1] org.apache.catalina.core.ApplicationContext.log 2 Spring WebApplicationInitializers detected on classpath
22-May-2024 14:09:20.228 INFO [http-nio-9999-exec-1] org.apache.catalina.core.ApplicationContext.log Initializing Spring embedded WebApplicationContext
22-May-2024 14:09:34.832 INFO [http-nio-9999-exec-3] org.apache.catalina.core.ApplicationContext.log Initializing Spring DispatcherServlet 'dispatcherServlet'
22-May-2024 14:10:32.249 INFO [http-nio-9999-exec-10] org.apache.catalina.core.ApplicationContext.log Destroying Spring FrameworkServlet 'dispatcherServlet'
22-May-2024 14:10:32.251 INFO [http-nio-9999-exec-10] org.apache.catalina.core.ApplicationContext.log Closing Spring root WebApplicationContext
22-May-2024 14:19:12.743 INFO [main] org.apache.catalina.core.ApplicationContext.log SessionListener: contextDestroyed()
22-May-2024 14:19:12.743 INFO [main] org.apache.catalina.core.ApplicationContext.log ContextListener: contextDestroyed()
22-May-2024 14:19:18.430 INFO [main] org.apache.catalina.core.ApplicationContext.log 2 Spring WebApplicationInitializers detected on classpath
22-May-2024 14:19:20.875 INFO [main] org.apache.catalina.core.ApplicationContext.log Initializing Spring embedded WebApplicationContext
22-May-2024 14:19:23.032 INFO [main] org.apache.catalina.core.ApplicationContext.log ContextListener: contextInitialized()
22-May-2024 14:19:23.032 INFO [main] org.apache.catalina.core.ApplicationContext.log SessionListener: contextInitialized()
22-May-2024 14:19:23.034 INFO [main] org.apache.catalina.core.ApplicationContext.log ContextListener: attributeAdded('StockTicker', 'async.Stockticker@5a8149f6')
22-May-2024 14:20:21.869 INFO [http-nio-9999-exec-7] org.apache.catalina.core.ApplicationContext.log Initializing Spring DispatcherServlet 'dispatcherServlet'
22-May-2024 14:54:59.535 INFO [main] org.apache.catalina.core.ApplicationContext.log SessionListener: contextDestroyed()
22-May-2024 14:54:59.535 INFO [main] org.apache.catalina.core.ApplicationContext.log ContextListener: contextDestroyed()
22-May-2024 14:54:59.548 INFO [main] org.apache.catalina.core.ApplicationContext.log Destroying Spring FrameworkServlet 'dispatcherServlet'
22-May-2024 14:54:59.549 INFO [main] org.apache.catalina.core.ApplicationContext.log Closing Spring root WebApplicationContext
22-May-2024 14:55:46.794 INFO [main] org.apache.catalina.core.ApplicationContext.log 2 Spring WebApplicationInitializers detected on classpath
22-May-2024 14:55:49.299 INFO [main] org.apache.catalina.core.ApplicationContext.log Initializing Spring embedded WebApplicationContext
22-May-2024 14:55:57.074 INFO [main] org.apache.catalina.core.ApplicationContext.log ContextListener: contextInitialized()
22-May-2024 14:55:57.074 INFO [main] org.apache.catalina.core.ApplicationContext.log SessionListener: contextInitialized()
22-May-2024 14:55:57.077 INFO [main] org.apache.catalina.core.ApplicationContext.log ContextListener: attributeAdded('StockTicker', 'async.Stockticker@3bd9bdda')
22-May-2024 14:56:04.698 INFO [main] org.apache.catalina.core.ApplicationContext.log SessionListener: contextDestroyed()
22-May-2024 14:56:04.698 INFO [main] org.apache.catalina.core.ApplicationContext.log ContextListener: contextDestroyed()
22-May-2024 14:56:04.709 INFO [main] org.apache.catalina.core.ApplicationContext.log Closing Spring root WebApplicationContext
22-May-2024 14:56:13.412 INFO [main] org.apache.catalina.core.ApplicationContext.log 2 Spring WebApplicationInitializers detected on classpath
22-May-2024 14:56:15.794 INFO [main] org.apache.catalina.core.ApplicationContext.log Initializing Spring embedded WebApplicationContext
22-May-2024 14:56:23.535 INFO [main] org.apache.catalina.core.ApplicationContext.log ContextListener: contextInitialized()
22-May-2024 14:56:23.535 INFO [main] org.apache.catalina.core.ApplicationContext.log SessionListener: contextInitialized()
22-May-2024 14:56:23.538 INFO [main] org.apache.catalina.core.ApplicationContext.log ContextListener: attributeAdded('StockTicker', 'async.Stockticker@326c66f1')
22-May-2024 15:04:36.147 INFO [main] org.apache.catalina.core.ApplicationContext.log SessionListener: contextDestroyed()
22-May-2024 15:04:36.147 INFO [main] org.apache.catalina.core.ApplicationContext.log ContextListener: contextDestroyed()
22-May-2024 15:04:36.159 INFO [main] org.apache.catalina.core.ApplicationContext.log Closing Spring root WebApplicationContext
22-May-2024 15:04:41.838 INFO [main] org.apache.catalina.core.ApplicationContext.log 2 Spring WebApplicationInitializers detected on classpath
22-May-2024 15:04:43.954 INFO [main] org.apache.catalina.core.ApplicationContext.log Initializing Spring embedded WebApplicationContext
22-May-2024 15:04:51.222 INFO [main] org.apache.catalina.core.ApplicationContext.log ContextListener: contextInitialized()
22-May-2024 15:04:51.223 INFO [main] org.apache.catalina.core.ApplicationContext.log SessionListener: contextInitialized()
22-May-2024 15:04:51.225 INFO [main] org.apache.catalina.core.ApplicationContext.log ContextListener: attributeAdded('StockTicker', 'async.Stockticker@4f1966e6')
22-May-2024 15:27:13.371 INFO [main] org.apache.catalina.core.ApplicationContext.log 2 Spring WebApplicationInitializers detected on classpath
22-May-2024 15:27:15.966 INFO [main] org.apache.catalina.core.ApplicationContext.log Initializing Spring embedded WebApplicationContext
22-May-2024 15:27:23.892 INFO [main] org.apache.catalina.core.ApplicationContext.log ContextListener: contextInitialized()
22-May-2024 15:27:23.893 INFO [main] org.apache.catalina.core.ApplicationContext.log SessionListener: contextInitialized()
22-May-2024 15:27:23.895 INFO [main] org.apache.catalina.core.ApplicationContext.log ContextListener: attributeAdded('StockTicker', 'async.Stockticker@2d976e51')
22-May-2024 15:28:10.489 INFO [main] org.apache.catalina.core.ApplicationContext.log SessionListener: contextDestroyed()
22-May-2024 15:28:10.489 INFO [main] org.apache.catalina.core.ApplicationContext.log ContextListener: contextDestroyed()
22-May-2024 15:28:10.499 INFO [main] org.apache.catalina.core.ApplicationContext.log Closing Spring root WebApplicationContext
22-May-2024 15:28:15.503 INFO [main] org.apache.catalina.core.ApplicationContext.log 2 Spring WebApplicationInitializers detected on classpath
22-May-2024 15:28:17.750 INFO [main] org.apache.catalina.core.ApplicationContext.log Initializing Spring embedded WebApplicationContext
22-May-2024 15:28:24.594 INFO [main] org.apache.catalina.core.ApplicationContext.log ContextListener: contextInitialized()
22-May-2024 15:28:24.594 INFO [main] org.apache.catalina.core.ApplicationContext.log SessionListener: contextInitialized()
22-May-2024 15:28:24.596 INFO [main] org.apache.catalina.core.ApplicationContext.log ContextListener: attributeAdded('StockTicker', 'async.Stockticker@6efffd0b')
22-May-2024 15:28:41.525 INFO [main] org.apache.catalina.core.ApplicationContext.log SessionListener: contextDestroyed()
22-May-2024 15:28:41.526 INFO [main] org.apache.catalina.core.ApplicationContext.log ContextListener: contextDestroyed()
22-May-2024 15:28:41.537 INFO [main] org.apache.catalina.core.ApplicationContext.log Closing Spring root WebApplicationContext
22-May-2024 15:28:46.546 INFO [main] org.apache.catalina.core.ApplicationContext.log 2 Spring WebApplicationInitializers detected on classpath
22-May-2024 15:28:49.136 INFO [main] org.apache.catalina.core.ApplicationContext.log Initializing Spring embedded WebApplicationContext
22-May-2024 15:28:56.621 INFO [main] org.apache.catalina.core.ApplicationContext.log ContextListener: contextInitialized()
22-May-2024 15:28:56.621 INFO [main] org.apache.catalina.core.ApplicationContext.log SessionListener: contextInitialized()
22-May-2024 15:28:56.623 INFO [main] org.apache.catalina.core.ApplicationContext.log ContextListener: attributeAdded('StockTicker', 'async.Stockticker@1b844e16')
22-May-2024 15:30:45.904 INFO [main] org.apache.catalina.core.ApplicationContext.log SessionListener: contextDestroyed()
22-May-2024 15:30:45.904 INFO [main] org.apache.catalina.core.ApplicationContext.log ContextListener: contextDestroyed()
22-May-2024 15:30:45.911 INFO [main] org.apache.catalina.core.ApplicationContext.log Closing Spring root WebApplicationContext
22-May-2024 15:30:51.092 INFO [main] org.apache.catalina.core.ApplicationContext.log 2 Spring WebApplicationInitializers detected on classpath
22-May-2024 15:30:53.397 INFO [main] org.apache.catalina.core.ApplicationContext.log Initializing Spring embedded WebApplicationContext
22-May-2024 15:31:00.432 INFO [main] org.apache.catalina.core.ApplicationContext.log ContextListener: contextInitialized()
22-May-2024 15:31:00.432 INFO [main] org.apache.catalina.core.ApplicationContext.log SessionListener: contextInitialized()
22-May-2024 15:31:00.434 INFO [main] org.apache.catalina.core.ApplicationContext.log ContextListener: attributeAdded('StockTicker', 'async.Stockticker@43f1d733')
